[debug] [2024-09-03T13:12:44.894Z] ----------------------------------------------------------------------
[debug] [2024-09-03T13:12:44.896Z] Command:       /usr/local/bin/firebase /Users/eduardo/.cache/firebase/tools/lib/node_modules/firebase-tools/lib/bin/firebase deploy
[debug] [2024-09-03T13:12:44.896Z] CLI Version:   13.15.2
[debug] [2024-09-03T13:12:44.897Z] Platform:      darwin
[debug] [2024-09-03T13:12:44.897Z] Node Version:  v18.5.0
[debug] [2024-09-03T13:12:44.901Z] Time:          Tue Sep 03 2024 15:12:44 GMT+0200 (Central European Summer Time)
[debug] [2024-09-03T13:12:44.902Z] ----------------------------------------------------------------------
[debug] 
[debug] [2024-09-03T13:12:45.031Z] > command requires scopes: ["email","openid","https://www.googleapis.com/auth/cloudplatformprojects.readonly","https://www.googleapis.com/auth/firebase","https://www.googleapis.com/auth/cloud-platform"]
[debug] [2024-09-03T13:12:45.033Z] > authorizing via signed-in user (eduardo.alvarez@novare.se)
[debug] [2024-09-03T13:12:45.034Z] [iam] checking project novare-tech-education for permissions ["firebase.projects.get","firebasehosting.sites.update"]
[debug] [2024-09-03T13:12:45.036Z] >>> [apiv2][query] POST https://cloudresourcemanager.googleapis.com/v1/projects/novare-tech-education:testIamPermissions [none]
[debug] [2024-09-03T13:12:45.037Z] >>> [apiv2][(partial)header] POST https://cloudresourcemanager.googleapis.com/v1/projects/novare-tech-education:testIamPermissions x-goog-quota-user=projects/novare-tech-education
[debug] [2024-09-03T13:12:45.038Z] >>> [apiv2][body] POST https://cloudresourcemanager.googleapis.com/v1/projects/novare-tech-education:testIamPermissions {"permissions":["firebase.projects.get","firebasehosting.sites.update"]}
[debug] [2024-09-03T13:12:45.939Z] <<< [apiv2][status] POST https://cloudresourcemanager.googleapis.com/v1/projects/novare-tech-education:testIamPermissions 200
[debug] [2024-09-03T13:12:45.942Z] <<< [apiv2][body] POST https://cloudresourcemanager.googleapis.com/v1/projects/novare-tech-education:testIamPermissions {"permissions":["firebase.projects.get","firebasehosting.sites.update"]}
[debug] [2024-09-03T13:12:45.947Z] >>> [apiv2][query] GET https://firebase.googleapis.com/v1beta1/projects/novare-tech-education [none]
[debug] [2024-09-03T13:12:46.227Z] <<< [apiv2][status] GET https://firebase.googleapis.com/v1beta1/projects/novare-tech-education 200
[debug] [2024-09-03T13:12:46.231Z] <<< [apiv2][body] GET https://firebase.googleapis.com/v1beta1/projects/novare-tech-education {"projectId":"novare-tech-education","projectNumber":"37039538759","displayName":"Novare-Tech-Education","name":"projects/novare-tech-education","resources":{"hostingSite":"novare-tech-education","storageBucket":"novare-tech-education.appspot.com","locationId":"europe-west"},"state":"ACTIVE","etag":"1_e7954624-47b1-4444-bcbd-ce67b9ec3241"}
[info] 
[info] === Deploying to 'novare-tech-education'...
[info] 
[info] i  deploying hosting 
[debug] [2024-09-03T13:12:46.252Z] >>> [apiv2][query] POST https://firebasehosting.googleapis.com/v1beta1/projects/-/sites/novare-tech-education/versions [none]
[debug] [2024-09-03T13:12:46.255Z] >>> [apiv2][body] POST https://firebasehosting.googleapis.com/v1beta1/projects/-/sites/novare-tech-education/versions {"status":"CREATED","labels":{"deployment-tool":"cli-firebase"}}
